<?xml version="1.0" encoding="UTF-8"?>
<testsuite name="com.example.Springboot.DB.tasks.TasksRepositoryTests" tests="1" skipped="0" failures="0" errors="0" timestamp="2024-04-07T11:40:59" hostname="LAPTOP-F7CKVJ84" time="1.172">
  <properties/>
  <testcase name="canCreateTask()" classname="com.example.Springboot.DB.tasks.TasksRepositoryTests" time="1.172"/>
  <system-out><![CDATA[17:10:54.479 [Test worker] INFO org.springframework.test.context.support.AnnotationConfigContextLoaderUtils -- Could not detect default configuration classes for test class [com.example.Springboot.DB.tasks.TasksRepositoryTests]: TasksRepositoryTests does not declare any static, non-private, non-final, nested classes annotated with @Configuration.
17:10:54.649 [Test worker] INFO org.springframework.boot.test.context.SpringBootTestContextBootstrapper -- Found @SpringBootConfiguration com.example.Springboot.DB.SpringbootDbApplication for test class com.example.Springboot.DB.tasks.TasksRepositoryTests

  .   ____          _            __ _ _
 /\\ / ___'_ __ _ _(_)_ __  __ _ \ \ \ \
( ( )\___ | '_ | '_| | '_ \/ _` | \ \ \ \
 \\/  ___)| |_)| | | | | || (_| |  ) ) ) )
  '  |____| .__|_| |_|_| |_\__, | / / / /
 =========|_|==============|___/=/_/_/_/
 :: Spring Boot ::                (v3.2.4)

2024-04-07T17:10:55.275+05:30  INFO 8532 --- [    Test worker] c.e.S.DB.tasks.TasksRepositoryTests      : Starting TasksRepositoryTests using Java 17.0.10 with PID 8532 (started by Tamilvanan in C:\Users\Tamilvanan\springBootDemo\Springboot-DB)
2024-04-07T17:10:55.277+05:30  INFO 8532 --- [    Test worker] c.e.S.DB.tasks.TasksRepositoryTests      : No active profile set, falling back to 1 default profile: "default"
2024-04-07T17:10:55.796+05:30  INFO 8532 --- [    Test worker] .s.d.r.c.RepositoryConfigurationDelegate : Bootstrapping Spring Data JPA repositories in DEFAULT mode.
2024-04-07T17:10:55.901+05:30  INFO 8532 --- [    Test worker] .s.d.r.c.RepositoryConfigurationDelegate : Finished Spring Data repository scanning in 90 ms. Found 2 JPA repository interfaces.
2024-04-07T17:10:55.971+05:30  INFO 8532 --- [    Test worker] beddedDataSourceBeanFactoryPostProcessor : Replacing 'dataSource' DataSource bean with embedded version
2024-04-07T17:10:56.175+05:30  INFO 8532 --- [    Test worker] o.s.j.d.e.EmbeddedDatabaseFactory        : Starting embedded database: url='jdbc:h2:mem:8a5d27bc-0b29-4b70-8abd-919d992c314b;DB_CLOSE_DELAY=-1;DB_CLOSE_ON_EXIT=false', username='sa'
2024-04-07T17:10:56.560+05:30  INFO 8532 --- [    Test worker] o.hibernate.jpa.internal.util.LogHelper  : HHH000204: Processing PersistenceUnitInfo [name: default]
2024-04-07T17:10:56.664+05:30  INFO 8532 --- [    Test worker] org.hibernate.Version                    : HHH000412: Hibernate ORM core version 6.4.4.Final
2024-04-07T17:10:56.733+05:30  INFO 8532 --- [    Test worker] o.h.c.internal.RegionFactoryInitiator    : HHH000026: Second-level cache disabled
2024-04-07T17:10:57.091+05:30  INFO 8532 --- [    Test worker] o.s.o.j.p.SpringPersistenceUnitInfo      : No LoadTimeWeaver setup: ignoring JPA class transformer
2024-04-07T17:10:58.509+05:30  INFO 8532 --- [    Test worker] o.h.e.t.j.p.i.JtaPlatformInitiator       : HHH000489: No JTA platform available (set 'hibernate.transaction.jta.platform' to enable JTA platform integration)
Hibernate: 
    create table notes (
        id bigint not null,
        created_at timestamp(6),
        updated_at timestamp(6),
        body varchar(1000) not null,
        title varchar(100) not null,
        "task id" bigint,
        primary key (id)
    )
Hibernate: 
    create table tasks (
        id bigint not null,
        created_at timestamp(6),
        updated_at timestamp(6),
        done boolean default false not null,
        due_date timestamp(6) not null,
        name varchar(255) not null,
        primary key (id)
    )
Hibernate: 
    create sequence notes_seq start with 1 increment by 50
Hibernate: 
    create sequence tasks_seq start with 1 increment by 50
Hibernate: 
    alter table if exists notes 
       add constraint FK4j0i92oy7uoaews00byt41lst 
       foreign key ("task id") 
       references tasks
2024-04-07T17:10:58.569+05:30  INFO 8532 --- [    Test worker] j.LocalContainerEntityManagerFactoryBean : Initialized JPA EntityManagerFactory for persistence unit 'default'
2024-04-07T17:10:59.055+05:30  INFO 8532 --- [    Test worker] c.e.S.DB.tasks.TasksRepositoryTests      : Started TasksRepositoryTests in 4.299 seconds (process running for 5.817)
Hibernate: 
    select
        next value for tasks_seq
Hibernate: 
    insert 
    into
        tasks
        (created_at, done, due_date, name, updated_at, id) 
    values
        (?, ?, ?, ?, ?, ?)
Hibernate: 
    select
        te1_0.id,
        te1_0.created_at,
        te1_0.done,
        te1_0.due_date,
        te1_0.name,
        te1_0.updated_at 
    from
        tasks te1_0
Hibernate: 
    select
        te1_0.id,
        te1_0.created_at,
        te1_0.done,
        te1_0.due_date,
        te1_0.name,
        te1_0.updated_at 
    from
        tasks te1_0
TaskEntity(name=test task, dueDate=Sun Apr 07 17:10:59 IST 2024, done=false)
]]></system-out>
  <system-err><![CDATA[]]></system-err>
</testsuite>
